Using pre-set license
Built from '2020.3/staging' branch; Version is '2020.3.9f1 (108be757e447) revision 1084391'; Using compiler version '192528614'; Build Type 'Release'
OS: 'Windows 10 Education; OS build 19042.928; Version 2009; 64bit' Language: 'sv' Physical Memory: 3899 MB
BatchMode: 1, IsHumanControllingUs: 0, StartBugReporterOnCrash: 0, Is64bit: 1, IsPro: 0

 COMMAND LINE ARGUMENTS:
I:\Apps\Unity\2020.3.9f1\Editor\Unity.exe
-adb2
-batchMode
-noUpm
-name
AssetImportWorker2
-projectPath
I:/Dev/GMTK-2021
-logFile
Logs/AssetImportWorker2.log
-srvPort
61523
Successfully changed project path to: I:/Dev/GMTK-2021
I:/Dev/GMTK-2021
Using Asset Import Pipeline V2.
Refreshing native plugins compatible for Editor in 99.06 ms, found 1 plugins.
Preloading 0 native plugins for Editor in 0.00 ms.
Initialize engine version: 2020.3.9f1 (108be757e447)
[Subsystems] Discovering subsystems at path I:/Apps/Unity/2020.3.9f1/Editor/Data/Resources/UnitySubsystems
[Subsystems] Discovering subsystems at path I:/Dev/GMTK-2021/Assets
GfxDevice: creating device client; threaded=0
Direct3D:
    Version:  Direct3D 11.0 [level 11.1]
    Renderer: Intel(R) UHD Graphics 605 (ID=0x3184)
    Vendor:   
    VRAM:     1949 MB
    Driver:   27.20.100.8935
Initialize mono
Mono path[0] = 'I:/Apps/Unity/2020.3.9f1/Editor/Data/Managed'
Mono path[1] = 'I:/Apps/Unity/2020.3.9f1/Editor/Data/MonoBleedingEdge/lib/mono/unityjit'
Mono config path = 'I:/Apps/Unity/2020.3.9f1/Editor/Data/MonoBleedingEdge/etc'
Using monoOptions --debugger-agent=transport=dt_socket,embedding=1,server=y,suspend=n,address=127.0.0.1:56720
Begin MonoManager ReloadAssembly
Registering precompiled unity dll's ...
Register platform support module: I:/Apps/Unity/2020.3.9f1/Editor/Data/PlaybackEngines/WebGLSupport/UnityEditor.WebGL.Extensions.dll
Register platform support module: I:/Apps/Unity/2020.3.9f1/Editor/Data/PlaybackEngines/WindowsStandaloneSupport/UnityEditor.WindowsStandalone.Extensions.dll
Registered in 0.005223 seconds.
Native extension for WindowsStandalone target not found
Native extension for WebGL target not found
Refreshing native plugins compatible for Editor in 95.87 ms, found 1 plugins.
Preloading 0 native plugins for Editor in 0.00 ms.
Mono: successfully reloaded assembly
- Completed reload, in  3.437 seconds
Platform modules already initialized, skipping
Registering precompiled user dll's ...
Registered in 0.004556 seconds.
Begin MonoManager ReloadAssembly
Native extension for WindowsStandalone target not found
Native extension for WebGL target not found
Refreshing native plugins compatible for Editor in 92.83 ms, found 1 plugins.
Preloading 0 native plugins for Editor in 0.00 ms.
Mono: successfully reloaded assembly
- Completed reload, in  5.067 seconds
Platform modules already initialized, skipping
========================================================================
Worker process is ready to serve import requests
Launched and connected shader compiler UnityShaderCompiler.exe after 0.40 seconds
Refreshing native plugins compatible for Editor in 1.28 ms, found 1 plugins.
Preloading 0 native plugins for Editor in 0.00 ms.
Unloading 1820 Unused Serialized files (Serialized files now loaded: 0)
System memory in use before: 85.2 MB.
System memory in use after: 85.2 MB.

Unloading 24 unused Assets to reduce memory usage. Loaded Objects now: 2263.
Total: 6.837400 ms (FindLiveObjects: 1.032100 ms CreateObjectMapping: 0.317400 ms MarkObjects: 5.065400 ms  DeleteObjects: 0.418200 ms)

========================================================================
Received Import Request.
  path: Assets/Scenes/GameScene.unity
  artifactKey: Guid(2a53d483ebfc8594d8ecfc362548dade) Importer(815301076,1909f56bfc062723c751e8b465ee728b)
Start importing Assets/Scenes/GameScene.unity using Guid(2a53d483ebfc8594d8ecfc362548dade) Importer(815301076,1909f56bfc062723c751e8b465ee728b)  -> (artifact id: 'aae440cb63a65936430a4bd6b8c8ad8d') in 0.091136 seconds
  Import took 0.173198 seconds .

========================================================================
Received Import Request.
  Time since last request: 0.001164 seconds.
  path: Assets/Sprites/snakes.png
  artifactKey: Guid(904945bfff3e0b24f985b8a7cc35c69f) Importer(815301076,1909f56bfc062723c751e8b465ee728b)
Start importing Assets/Sprites/snakes.png using Guid(904945bfff3e0b24f985b8a7cc35c69f) Importer(815301076,1909f56bfc062723c751e8b465ee728b)  -> (artifact id: '7421dbf71f917bd90280a554a5d06223') in 0.673471 seconds
  Import took 0.744740 seconds .

