Using pre-set license
Built from '2020.3/staging' branch; Version is '2020.3.9f1 (108be757e447) revision 1084391'; Using compiler version '192528614'; Build Type 'Release'
OS: 'Windows 10 Education; OS build 19042.928; Version 2009; 64bit' Language: 'sv' Physical Memory: 3899 MB
BatchMode: 1, IsHumanControllingUs: 0, StartBugReporterOnCrash: 0, Is64bit: 1, IsPro: 0

 COMMAND LINE ARGUMENTS:
I:\Apps\Unity\2020.3.9f1\Editor\Unity.exe
-adb2
-batchMode
-noUpm
-name
AssetImportWorker11
-projectPath
I:/Dev/GMTK-2021
-logFile
Logs/AssetImportWorker11.log
-srvPort
49232
Successfully changed project path to: I:/Dev/GMTK-2021
I:/Dev/GMTK-2021
Using Asset Import Pipeline V2.
